{"/Users/julianreyes/Desktop/pnrm07/server/app.ts": {"path":"/Users/julianreyes/Desktop/pnrm07/server/app.ts","statementMap":{"0":{"start":{"line":2,"column":0},"end":{"line":2,"column":30}},"1":{"start":{"line":3,"column":0},"end":{"line":3,"column":24}},"2":{"start":{"line":4,"column":0},"end":{"line":4,"column":30}},"3":{"start":{"line":5,"column":0},"end":{"line":5,"column":31}},"4":{"start":{"line":6,"column":0},"end":{"line":6,"column":32}},"5":{"start":{"line":7,"column":0},"end":{"line":7,"column":28}},"6":{"start":{"line":9,"column":0},"end":{"line":9,"column":16}},"7":{"start":{"line":10,"column":12},"end":{"line":10,"column":21}},"8":{"start":{"line":12,"column":0},"end":{"line":12,"column":16}},"9":{"start":{"line":13,"column":0},"end":{"line":13,"column":24}},"10":{"start":{"line":15,"column":18},"end":{"line":15,"column":39}},"11":{"start":{"line":16,"column":0},"end":{"line":19,"column":1}},"12":{"start":{"line":17,"column":2},"end":{"line":17,"column":65}},"13":{"start":{"line":18,"column":2},"end":{"line":18,"column":18}},"14":{"start":{"line":21,"column":19},"end":{"line":21,"column":58}},"15":{"start":{"line":31,"column":19},"end":{"line":36,"column":2}},"16":{"start":{"line":37,"column":13},"end":{"line":37,"column":54}},"17":{"start":{"line":40,"column":21},"end":{"line":46,"column":2}},"18":{"start":{"line":47,"column":15},"end":{"line":47,"column":53}},"19":{"start":{"line":50,"column":21},"end":{"line":55,"column":2}},"20":{"start":{"line":56,"column":15},"end":{"line":56,"column":53}},"21":{"start":{"line":59,"column":0},"end":{"line":69,"column":1}},"22":{"start":{"line":60,"column":2},"end":{"line":68,"column":7}},"23":{"start":{"line":62,"column":6},"end":{"line":62,"column":52}},"24":{"start":{"line":63,"column":6},"end":{"line":63,"column":80}},"25":{"start":{"line":66,"column":6},"end":{"line":66,"column":54}},"26":{"start":{"line":67,"column":6},"end":{"line":67,"column":22}},"27":{"start":{"line":72,"column":0},"end":{"line":74,"column":3}},"28":{"start":{"line":73,"column":2},"end":{"line":73,"column":62}},"29":{"start":{"line":77,"column":21},"end":{"line":100,"column":1}},"30":{"start":{"line":78,"column":2},"end":{"line":99,"column":3}},"31":{"start":{"line":79,"column":32},"end":{"line":79,"column":40}},"32":{"start":{"line":80,"column":4},"end":{"line":82,"column":5}},"33":{"start":{"line":81,"column":6},"end":{"line":81,"column":82}},"34":{"start":{"line":83,"column":17},"end":{"line":83,"column":46}},"35":{"start":{"line":84,"column":4},"end":{"line":87,"column":5}},"36":{"start":{"line":85,"column":6},"end":{"line":85,"column":65}},"37":{"start":{"line":86,"column":6},"end":{"line":86,"column":13}},"38":{"start":{"line":88,"column":18},"end":{"line":88,"column":63}},"39":{"start":{"line":89,"column":4},"end":{"line":92,"column":5}},"40":{"start":{"line":90,"column":6},"end":{"line":90,"column":65}},"41":{"start":{"line":91,"column":6},"end":{"line":91,"column":13}},"42":{"start":{"line":93,"column":18},"end":{"line":93,"column":81}},"43":{"start":{"line":95,"column":43},"end":{"line":95,"column":58}},"44":{"start":{"line":96,"column":4},"end":{"line":96,"column":40}},"45":{"start":{"line":98,"column":4},"end":{"line":98,"column":74}},"46":{"start":{"line":103,"column":24},"end":{"line":121,"column":1}},"47":{"start":{"line":104,"column":2},"end":{"line":120,"column":3}},"48":{"start":{"line":105,"column":32},"end":{"line":105,"column":40}},"49":{"start":{"line":106,"column":4},"end":{"line":108,"column":5}},"50":{"start":{"line":107,"column":6},"end":{"line":107,"column":82}},"51":{"start":{"line":109,"column":25},"end":{"line":109,"column":54}},"52":{"start":{"line":110,"column":4},"end":{"line":113,"column":5}},"53":{"start":{"line":111,"column":6},"end":{"line":111,"column":72}},"54":{"start":{"line":112,"column":6},"end":{"line":112,"column":13}},"55":{"start":{"line":114,"column":19},"end":{"line":114,"column":50}},"56":{"start":{"line":115,"column":17},"end":{"line":115,"column":54}},"57":{"start":{"line":116,"column":4},"end":{"line":116,"column":22}},"58":{"start":{"line":117,"column":4},"end":{"line":117,"column":48}},"59":{"start":{"line":119,"column":4},"end":{"line":119,"column":74}},"60":{"start":{"line":125,"column":21},"end":{"line":125,"column":46}},"61":{"start":{"line":126,"column":2},"end":{"line":126,"column":79}},"62":{"start":{"line":126,"column":19},"end":{"line":126,"column":79}},"63":{"start":{"line":127,"column":16},"end":{"line":127,"column":40}},"64":{"start":{"line":128,"column":2},"end":{"line":134,"column":3}},"65":{"start":{"line":129,"column":20},"end":{"line":129,"column":49}},"66":{"start":{"line":130,"column":4},"end":{"line":130,"column":32}},"67":{"start":{"line":131,"column":4},"end":{"line":131,"column":11}},"68":{"start":{"line":133,"column":4},"end":{"line":133,"column":56}},"69":{"start":{"line":138,"column":0},"end":{"line":146,"column":3}},"70":{"start":{"line":139,"column":15},"end":{"line":139,"column":46}},"71":{"start":{"line":140,"column":2},"end":{"line":140,"column":79}},"72":{"start":{"line":140,"column":13},"end":{"line":140,"column":79}},"73":{"start":{"line":141,"column":2},"end":{"line":144,"column":3}},"74":{"start":{"line":142,"column":4},"end":{"line":142,"column":47}},"75":{"start":{"line":143,"column":4},"end":{"line":143,"column":22}},"76":{"start":{"line":145,"column":2},"end":{"line":145,"column":42}},"77":{"start":{"line":148,"column":0},"end":{"line":154,"column":3}},"78":{"start":{"line":149,"column":15},"end":{"line":149,"column":46}},"79":{"start":{"line":150,"column":2},"end":{"line":150,"column":79}},"80":{"start":{"line":150,"column":13},"end":{"line":150,"column":79}},"81":{"start":{"line":151,"column":2},"end":{"line":151,"column":77}},"82":{"start":{"line":151,"column":47},"end":{"line":151,"column":75}},"83":{"start":{"line":152,"column":2},"end":{"line":152,"column":20}},"84":{"start":{"line":153,"column":2},"end":{"line":153,"column":42}},"85":{"start":{"line":157,"column":0},"end":{"line":165,"column":3}},"86":{"start":{"line":158,"column":15},"end":{"line":158,"column":46}},"87":{"start":{"line":159,"column":2},"end":{"line":159,"column":79}},"88":{"start":{"line":159,"column":13},"end":{"line":159,"column":79}},"89":{"start":{"line":160,"column":2},"end":{"line":163,"column":3}},"90":{"start":{"line":161,"column":4},"end":{"line":161,"column":47}},"91":{"start":{"line":162,"column":4},"end":{"line":162,"column":22}},"92":{"start":{"line":164,"column":2},"end":{"line":164,"column":42}},"93":{"start":{"line":167,"column":0},"end":{"line":173,"column":3}},"94":{"start":{"line":168,"column":15},"end":{"line":168,"column":46}},"95":{"start":{"line":169,"column":2},"end":{"line":169,"column":79}},"96":{"start":{"line":169,"column":13},"end":{"line":169,"column":79}},"97":{"start":{"line":170,"column":2},"end":{"line":170,"column":77}},"98":{"start":{"line":170,"column":47},"end":{"line":170,"column":75}},"99":{"start":{"line":171,"column":2},"end":{"line":171,"column":20}},"100":{"start":{"line":172,"column":2},"end":{"line":172,"column":42}},"101":{"start":{"line":176,"column":0},"end":{"line":196,"column":3}},"102":{"start":{"line":177,"column":2},"end":{"line":195,"column":3}},"103":{"start":{"line":178,"column":19},"end":{"line":178,"column":61}},"104":{"start":{"line":179,"column":4},"end":{"line":181,"column":5}},"105":{"start":{"line":180,"column":6},"end":{"line":180,"column":89}},"106":{"start":{"line":183,"column":24},"end":{"line":183,"column":53}},"107":{"start":{"line":184,"column":31},"end":{"line":184,"column":59}},"108":{"start":{"line":185,"column":14},"end":{"line":185,"column":113}},"109":{"start":{"line":186,"column":4},"end":{"line":188,"column":5}},"110":{"start":{"line":187,"column":6},"end":{"line":187,"column":77}},"111":{"start":{"line":189,"column":4},"end":{"line":192,"column":111}},"112":{"start":{"line":190,"column":24},"end":{"line":190,"column":39}},"113":{"start":{"line":191,"column":20},"end":{"line":191,"column":34}},"114":{"start":{"line":192,"column":20},"end":{"line":192,"column":109}},"115":{"start":{"line":194,"column":4},"end":{"line":194,"column":94}},"116":{"start":{"line":199,"column":0},"end":{"line":209,"column":3}},"117":{"start":{"line":200,"column":30},"end":{"line":200,"column":38}},"118":{"start":{"line":201,"column":2},"end":{"line":201,"column":76}},"119":{"start":{"line":201,"column":15},"end":{"line":201,"column":76}},"120":{"start":{"line":202,"column":21},"end":{"line":202,"column":34}},"121":{"start":{"line":203,"column":17},"end":{"line":203,"column":27}},"122":{"start":{"line":205,"column":2},"end":{"line":205,"column":50}},"123":{"start":{"line":206,"column":20},"end":{"line":206,"column":71}},"124":{"start":{"line":207,"column":2},"end":{"line":207,"column":25}},"125":{"start":{"line":208,"column":2},"end":{"line":208,"column":49}},"126":{"start":{"line":212,"column":0},"end":{"line":217,"column":3}},"127":{"start":{"line":213,"column":18},"end":{"line":213,"column":66}},"128":{"start":{"line":214,"column":2},"end":{"line":214,"column":67}},"129":{"start":{"line":214,"column":23},"end":{"line":214,"column":67}},"130":{"start":{"line":215,"column":14},"end":{"line":215,"column":72}},"131":{"start":{"line":215,"column":39},"end":{"line":215,"column":51}},"132":{"start":{"line":216,"column":2},"end":{"line":216,"column":29}},"133":{"start":{"line":220,"column":0},"end":{"line":228,"column":3}},"134":{"start":{"line":221,"column":21},"end":{"line":221,"column":29}},"135":{"start":{"line":222,"column":2},"end":{"line":222,"column":76}},"136":{"start":{"line":222,"column":15},"end":{"line":222,"column":76}},"137":{"start":{"line":223,"column":21},"end":{"line":223,"column":34}},"138":{"start":{"line":224,"column":17},"end":{"line":224,"column":27}},"139":{"start":{"line":225,"column":20},"end":{"line":225,"column":62}},"140":{"start":{"line":226,"column":2},"end":{"line":226,"column":25}},"141":{"start":{"line":227,"column":2},"end":{"line":227,"column":43}},"142":{"start":{"line":231,"column":0},"end":{"line":235,"column":3}},"143":{"start":{"line":232,"column":15},"end":{"line":232,"column":46}},"144":{"start":{"line":233,"column":2},"end":{"line":233,"column":79}},"145":{"start":{"line":233,"column":13},"end":{"line":233,"column":79}},"146":{"start":{"line":234,"column":2},"end":{"line":234,"column":103}},"147":{"start":{"line":238,"column":0},"end":{"line":241,"column":3}},"148":{"start":{"line":239,"column":16},"end":{"line":239,"column":79}},"149":{"start":{"line":240,"column":2},"end":{"line":240,"column":57}},"150":{"start":{"line":243,"column":0},"end":{"line":243,"column":37}},"151":{"start":{"line":244,"column":0},"end":{"line":244,"column":43}},"152":{"start":{"line":246,"column":0},"end":{"line":246,"column":19}}},"fnMap":{"0":{"name":"(anonymous_1)","decl":{"start":{"line":61,"column":10},"end":{"line":61,"column":13}},"loc":{"start":{"line":61,"column":15},"end":{"line":64,"column":5}}},"1":{"name":"(anonymous_2)","decl":{"start":{"line":65,"column":11},"end":{"line":65,"column":12}},"loc":{"start":{"line":65,"column":26},"end":{"line":68,"column":5}}},"2":{"name":"(anonymous_3)","decl":{"start":{"line":72,"column":13},"end":{"line":72,"column":14}},"loc":{"start":{"line":72,"column":36},"end":{"line":74,"column":1}}},"3":{"name":"(anonymous_4)","decl":{"start":{"line":77,"column":21},"end":{"line":77,"column":26}},"loc":{"start":{"line":77,"column":50},"end":{"line":100,"column":1}}},"4":{"name":"(anonymous_5)","decl":{"start":{"line":103,"column":24},"end":{"line":103,"column":29}},"loc":{"start":{"line":103,"column":53},"end":{"line":121,"column":1}}},"5":{"name":"authMiddleware","decl":{"start":{"line":124,"column":9},"end":{"line":124,"column":23}},"loc":{"start":{"line":124,"column":38},"end":{"line":135,"column":1}}},"6":{"name":"(anonymous_7)","decl":{"start":{"line":138,"column":55},"end":{"line":138,"column":60}},"loc":{"start":{"line":138,"column":74},"end":{"line":146,"column":1}}},"7":{"name":"(anonymous_8)","decl":{"start":{"line":148,"column":57},"end":{"line":148,"column":62}},"loc":{"start":{"line":148,"column":76},"end":{"line":154,"column":1}}},"8":{"name":"(anonymous_9)","decl":{"start":{"line":151,"column":41},"end":{"line":151,"column":43}},"loc":{"start":{"line":151,"column":47},"end":{"line":151,"column":75}}},"9":{"name":"(anonymous_10)","decl":{"start":{"line":157,"column":55},"end":{"line":157,"column":60}},"loc":{"start":{"line":157,"column":74},"end":{"line":165,"column":1}}},"10":{"name":"(anonymous_11)","decl":{"start":{"line":167,"column":57},"end":{"line":167,"column":62}},"loc":{"start":{"line":167,"column":76},"end":{"line":173,"column":1}}},"11":{"name":"(anonymous_12)","decl":{"start":{"line":170,"column":41},"end":{"line":170,"column":43}},"loc":{"start":{"line":170,"column":47},"end":{"line":170,"column":75}}},"12":{"name":"(anonymous_13)","decl":{"start":{"line":176,"column":29},"end":{"line":176,"column":30}},"loc":{"start":{"line":176,"column":52},"end":{"line":196,"column":1}}},"13":{"name":"(anonymous_14)","decl":{"start":{"line":190,"column":12},"end":{"line":190,"column":20}},"loc":{"start":{"line":190,"column":24},"end":{"line":190,"column":39}}},"14":{"name":"(anonymous_15)","decl":{"start":{"line":191,"column":12},"end":{"line":191,"column":16}},"loc":{"start":{"line":191,"column":20},"end":{"line":191,"column":34}}},"15":{"name":"(anonymous_16)","decl":{"start":{"line":192,"column":13},"end":{"line":192,"column":16}},"loc":{"start":{"line":192,"column":20},"end":{"line":192,"column":109}}},"16":{"name":"(anonymous_17)","decl":{"start":{"line":199,"column":52},"end":{"line":199,"column":57}},"loc":{"start":{"line":199,"column":71},"end":{"line":209,"column":1}}},"17":{"name":"(anonymous_18)","decl":{"start":{"line":212,"column":38},"end":{"line":212,"column":43}},"loc":{"start":{"line":212,"column":57},"end":{"line":217,"column":1}}},"18":{"name":"(anonymous_19)","decl":{"start":{"line":215,"column":29},"end":{"line":215,"column":30}},"loc":{"start":{"line":215,"column":39},"end":{"line":215,"column":51}}},"19":{"name":"(anonymous_20)","decl":{"start":{"line":220,"column":54},"end":{"line":220,"column":59}},"loc":{"start":{"line":220,"column":73},"end":{"line":228,"column":1}}},"20":{"name":"(anonymous_21)","decl":{"start":{"line":231,"column":35},"end":{"line":231,"column":40}},"loc":{"start":{"line":231,"column":54},"end":{"line":235,"column":1}}},"21":{"name":"(anonymous_22)","decl":{"start":{"line":238,"column":44},"end":{"line":238,"column":49}},"loc":{"start":{"line":238,"column":63},"end":{"line":241,"column":1}}}},"branchMap":{"0":{"loc":{"start":{"line":16,"column":0},"end":{"line":19,"column":1}},"type":"if","locations":[{"start":{"line":16,"column":0},"end":{"line":19,"column":1}},{"start":{},"end":{}}]},"1":{"loc":{"start":{"line":21,"column":19},"end":{"line":21,"column":58}},"type":"binary-expr","locations":[{"start":{"line":21,"column":19},"end":{"line":21,"column":41}},{"start":{"line":21,"column":45},"end":{"line":21,"column":58}}]},"2":{"loc":{"start":{"line":59,"column":0},"end":{"line":69,"column":1}},"type":"if","locations":[{"start":{"line":59,"column":0},"end":{"line":69,"column":1}},{"start":{},"end":{}}]},"3":{"loc":{"start":{"line":80,"column":4},"end":{"line":82,"column":5}},"type":"if","locations":[{"start":{"line":80,"column":4},"end":{"line":82,"column":5}},{"start":{},"end":{}}]},"4":{"loc":{"start":{"line":80,"column":8},"end":{"line":80,"column":27}},"type":"binary-expr","locations":[{"start":{"line":80,"column":8},"end":{"line":80,"column":14}},{"start":{"line":80,"column":18},"end":{"line":80,"column":27}}]},"5":{"loc":{"start":{"line":84,"column":4},"end":{"line":87,"column":5}},"type":"if","locations":[{"start":{"line":84,"column":4},"end":{"line":87,"column":5}},{"start":{},"end":{}}]},"6":{"loc":{"start":{"line":84,"column":8},"end":{"line":84,"column":50}},"type":"binary-expr","locations":[{"start":{"line":84,"column":8},"end":{"line":84,"column":13}},{"start":{"line":84,"column":17},"end":{"line":84,"column":50}}]},"7":{"loc":{"start":{"line":89,"column":4},"end":{"line":92,"column":5}},"type":"if","locations":[{"start":{"line":89,"column":4},"end":{"line":92,"column":5}},{"start":{},"end":{}}]},"8":{"loc":{"start":{"line":106,"column":4},"end":{"line":108,"column":5}},"type":"if","locations":[{"start":{"line":106,"column":4},"end":{"line":108,"column":5}},{"start":{},"end":{}}]},"9":{"loc":{"start":{"line":106,"column":8},"end":{"line":106,"column":27}},"type":"binary-expr","locations":[{"start":{"line":106,"column":8},"end":{"line":106,"column":14}},{"start":{"line":106,"column":18},"end":{"line":106,"column":27}}]},"10":{"loc":{"start":{"line":110,"column":4},"end":{"line":113,"column":5}},"type":"if","locations":[{"start":{"line":110,"column":4},"end":{"line":113,"column":5}},{"start":{},"end":{}}]},"11":{"loc":{"start":{"line":126,"column":2},"end":{"line":126,"column":79}},"type":"if","locations":[{"start":{"line":126,"column":2},"end":{"line":126,"column":79}},{"start":{},"end":{}}]},"12":{"loc":{"start":{"line":140,"column":2},"end":{"line":140,"column":79}},"type":"if","locations":[{"start":{"line":140,"column":2},"end":{"line":140,"column":79}},{"start":{},"end":{}}]},"13":{"loc":{"start":{"line":141,"column":2},"end":{"line":144,"column":3}},"type":"if","locations":[{"start":{"line":141,"column":2},"end":{"line":144,"column":3}},{"start":{},"end":{}}]},"14":{"loc":{"start":{"line":150,"column":2},"end":{"line":150,"column":79}},"type":"if","locations":[{"start":{"line":150,"column":2},"end":{"line":150,"column":79}},{"start":{},"end":{}}]},"15":{"loc":{"start":{"line":159,"column":2},"end":{"line":159,"column":79}},"type":"if","locations":[{"start":{"line":159,"column":2},"end":{"line":159,"column":79}},{"start":{},"end":{}}]},"16":{"loc":{"start":{"line":160,"column":2},"end":{"line":163,"column":3}},"type":"if","locations":[{"start":{"line":160,"column":2},"end":{"line":163,"column":3}},{"start":{},"end":{}}]},"17":{"loc":{"start":{"line":169,"column":2},"end":{"line":169,"column":79}},"type":"if","locations":[{"start":{"line":169,"column":2},"end":{"line":169,"column":79}},{"start":{},"end":{}}]},"18":{"loc":{"start":{"line":179,"column":4},"end":{"line":181,"column":5}},"type":"if","locations":[{"start":{"line":179,"column":4},"end":{"line":181,"column":5}},{"start":{},"end":{}}]},"19":{"loc":{"start":{"line":183,"column":24},"end":{"line":183,"column":53}},"type":"binary-expr","locations":[{"start":{"line":183,"column":24},"end":{"line":183,"column":45}},{"start":{"line":183,"column":49},"end":{"line":183,"column":53}}]},"20":{"loc":{"start":{"line":186,"column":4},"end":{"line":188,"column":5}},"type":"if","locations":[{"start":{"line":186,"column":4},"end":{"line":188,"column":5}},{"start":{},"end":{}}]},"21":{"loc":{"start":{"line":201,"column":2},"end":{"line":201,"column":76}},"type":"if","locations":[{"start":{"line":201,"column":2},"end":{"line":201,"column":76}},{"start":{},"end":{}}]},"22":{"loc":{"start":{"line":214,"column":2},"end":{"line":214,"column":67}},"type":"if","locations":[{"start":{"line":214,"column":2},"end":{"line":214,"column":67}},{"start":{},"end":{}}]},"23":{"loc":{"start":{"line":222,"column":2},"end":{"line":222,"column":76}},"type":"if","locations":[{"start":{"line":222,"column":2},"end":{"line":222,"column":76}},{"start":{},"end":{}}]},"24":{"loc":{"start":{"line":233,"column":2},"end":{"line":233,"column":79}},"type":"if","locations":[{"start":{"line":233,"column":2},"end":{"line":233,"column":79}},{"start":{},"end":{}}]}},"s":{"0":5,"1":5,"2":5,"3":5,"4":5,"5":5,"6":5,"7":5,"8":5,"9":5,"10":5,"11":5,"12":0,"13":0,"14":5,"15":5,"16":5,"17":5,"18":5,"19":5,"20":5,"21":5,"22":5,"23":5,"24":5,"25":0,"26":0,"27":5,"28":1,"29":5,"30":8,"31":8,"32":8,"33":2,"34":6,"35":6,"36":1,"37":1,"38":5,"39":5,"40":1,"41":1,"42":4,"43":4,"44":4,"45":0,"46":5,"47":10,"48":10,"49":10,"50":2,"51":8,"52":8,"53":7,"54":7,"55":1,"56":1,"57":1,"58":1,"59":0,"60":17,"61":17,"62":3,"63":14,"64":14,"65":14,"66":14,"67":14,"68":0,"69":5,"70":3,"71":2,"72":0,"73":2,"74":1,"75":1,"76":2,"77":5,"78":1,"79":1,"80":0,"81":1,"82":1,"83":1,"84":1,"85":5,"86":3,"87":2,"88":0,"89":2,"90":1,"91":1,"92":2,"93":5,"94":1,"95":1,"96":0,"97":1,"98":1,"99":1,"100":1,"101":5,"102":4,"103":4,"104":4,"105":1,"106":3,"107":3,"108":3,"109":3,"110":0,"111":3,"112":1,"113":1,"114":1,"115":1,"116":5,"117":3,"118":3,"119":1,"120":2,"121":2,"122":2,"123":2,"124":2,"125":2,"126":5,"127":2,"128":2,"129":1,"130":1,"131":1,"132":1,"133":5,"134":2,"135":2,"136":1,"137":1,"138":1,"139":1,"140":1,"141":1,"142":5,"143":1,"144":1,"145":0,"146":1,"147":5,"148":1,"149":1,"150":5,"151":5,"152":5},"f":{"0":5,"1":0,"2":1,"3":8,"4":10,"5":17,"6":3,"7":1,"8":1,"9":3,"10":1,"11":1,"12":4,"13":1,"14":1,"15":1,"16":3,"17":2,"18":1,"19":2,"20":1,"21":1},"b":{"0":[0,5],"1":[5,0],"2":[5,0],"3":[2,6],"4":[8,7],"5":[1,5],"6":[6,5],"7":[1,4],"8":[2,8],"9":[10,9],"10":[7,1],"11":[3,14],"12":[0,2],"13":[1,1],"14":[0,1],"15":[0,2],"16":[1,1],"17":[0,1],"18":[1,3],"19":[3,3],"20":[0,3],"21":[1,2],"22":[1,1],"23":[1,1],"24":[0,1]}}
}
