TN:
SF:app.ts
FN:61,(anonymous_1)
FN:65,(anonymous_2)
FN:72,(anonymous_3)
FN:77,(anonymous_4)
FN:103,(anonymous_5)
FN:124,authMiddleware
FN:138,(anonymous_7)
FN:148,(anonymous_8)
FN:151,(anonymous_9)
FN:157,(anonymous_10)
FN:167,(anonymous_11)
FN:170,(anonymous_12)
FN:176,(anonymous_13)
FN:190,(anonymous_14)
FN:191,(anonymous_15)
FN:192,(anonymous_16)
FN:199,(anonymous_17)
FN:212,(anonymous_18)
FN:215,(anonymous_19)
FN:220,(anonymous_20)
FN:231,(anonymous_21)
FN:238,(anonymous_22)
FNF:22
FNH:21
FNDA:5,(anonymous_1)
FNDA:0,(anonymous_2)
FNDA:1,(anonymous_3)
FNDA:8,(anonymous_4)
FNDA:10,(anonymous_5)
FNDA:17,authMiddleware
FNDA:3,(anonymous_7)
FNDA:1,(anonymous_8)
FNDA:1,(anonymous_9)
FNDA:3,(anonymous_10)
FNDA:1,(anonymous_11)
FNDA:1,(anonymous_12)
FNDA:4,(anonymous_13)
FNDA:1,(anonymous_14)
FNDA:1,(anonymous_15)
FNDA:1,(anonymous_16)
FNDA:3,(anonymous_17)
FNDA:2,(anonymous_18)
FNDA:1,(anonymous_19)
FNDA:2,(anonymous_20)
FNDA:1,(anonymous_21)
FNDA:1,(anonymous_22)
DA:2,5
DA:3,5
DA:4,5
DA:5,5
DA:6,5
DA:7,5
DA:9,5
DA:10,5
DA:12,5
DA:13,5
DA:15,5
DA:16,5
DA:17,0
DA:18,0
DA:21,5
DA:31,5
DA:37,5
DA:40,5
DA:47,5
DA:50,5
DA:56,5
DA:59,5
DA:60,5
DA:62,5
DA:63,5
DA:66,0
DA:67,0
DA:72,5
DA:73,1
DA:77,5
DA:78,8
DA:79,8
DA:80,8
DA:81,2
DA:83,6
DA:84,6
DA:85,1
DA:86,1
DA:88,5
DA:89,5
DA:90,1
DA:91,1
DA:93,4
DA:95,4
DA:96,4
DA:98,0
DA:103,5
DA:104,10
DA:105,10
DA:106,10
DA:107,2
DA:109,8
DA:110,8
DA:111,7
DA:112,7
DA:114,1
DA:115,1
DA:116,1
DA:117,1
DA:119,0
DA:125,17
DA:126,17
DA:127,14
DA:128,14
DA:129,14
DA:130,14
DA:131,14
DA:133,0
DA:138,5
DA:139,3
DA:140,2
DA:141,2
DA:142,1
DA:143,1
DA:145,2
DA:148,5
DA:149,1
DA:150,1
DA:151,1
DA:152,1
DA:153,1
DA:157,5
DA:158,3
DA:159,2
DA:160,2
DA:161,1
DA:162,1
DA:164,2
DA:167,5
DA:168,1
DA:169,1
DA:170,1
DA:171,1
DA:172,1
DA:176,5
DA:177,4
DA:178,4
DA:179,4
DA:180,1
DA:183,3
DA:184,3
DA:185,3
DA:186,3
DA:187,0
DA:189,3
DA:190,1
DA:191,1
DA:192,1
DA:194,1
DA:199,5
DA:200,3
DA:201,3
DA:202,2
DA:203,2
DA:205,2
DA:206,2
DA:207,2
DA:208,2
DA:212,5
DA:213,2
DA:214,2
DA:215,1
DA:216,1
DA:220,5
DA:221,2
DA:222,2
DA:223,1
DA:224,1
DA:225,1
DA:226,1
DA:227,1
DA:231,5
DA:232,1
DA:233,1
DA:234,1
DA:238,5
DA:239,1
DA:240,1
DA:243,5
DA:244,5
DA:246,5
LF:141
LH:133
BRDA:16,0,0,0
BRDA:16,0,1,5
BRDA:21,1,0,5
BRDA:21,1,1,0
BRDA:59,2,0,5
BRDA:59,2,1,0
BRDA:80,3,0,2
BRDA:80,3,1,6
BRDA:80,4,0,8
BRDA:80,4,1,7
BRDA:84,5,0,1
BRDA:84,5,1,5
BRDA:84,6,0,6
BRDA:84,6,1,5
BRDA:89,7,0,1
BRDA:89,7,1,4
BRDA:106,8,0,2
BRDA:106,8,1,8
BRDA:106,9,0,10
BRDA:106,9,1,9
BRDA:110,10,0,7
BRDA:110,10,1,1
BRDA:126,11,0,3
BRDA:126,11,1,14
BRDA:140,12,0,0
BRDA:140,12,1,2
BRDA:141,13,0,1
BRDA:141,13,1,1
BRDA:150,14,0,0
BRDA:150,14,1,1
BRDA:159,15,0,0
BRDA:159,15,1,2
BRDA:160,16,0,1
BRDA:160,16,1,1
BRDA:169,17,0,0
BRDA:169,17,1,1
BRDA:179,18,0,1
BRDA:179,18,1,3
BRDA:183,19,0,3
BRDA:183,19,1,3
BRDA:186,20,0,0
BRDA:186,20,1,3
BRDA:201,21,0,1
BRDA:201,21,1,2
BRDA:214,22,0,1
BRDA:214,22,1,1
BRDA:222,23,0,1
BRDA:222,23,1,1
BRDA:233,24,0,0
BRDA:233,24,1,1
BRF:50
BRH:41
end_of_record
